{"/Users/timmy/Desktop/weather-visual/src/App.tsx": {"path":"/Users/timmy/Desktop/weather-visual/src/App.tsx","all":false,"statementMap":{"0":{"start":{"line":1,"column":0},"end":{"line":1,"column":32}},"1":{"start":{"line":2,"column":0},"end":{"line":2,"column":55}},"2":{"start":{"line":3,"column":0},"end":{"line":3,"column":57}},"3":{"start":{"line":4,"column":0},"end":{"line":4,"column":64}},"4":{"start":{"line":5,"column":0},"end":{"line":5,"column":64}},"5":{"start":{"line":6,"column":0},"end":{"line":6,"column":68}},"7":{"start":{"line":8,"column":0},"end":{"line":8,"column":16}},"8":{"start":{"line":9,"column":0},"end":{"line":9,"column":54}},"10":{"start":{"line":11,"column":0},"end":{"line":11,"column":10}},"11":{"start":{"line":12,"column":0},"end":{"line":12,"column":19}},"12":{"start":{"line":13,"column":0},"end":{"line":13,"column":18}},"13":{"start":{"line":14,"column":0},"end":{"line":14,"column":35}},"14":{"start":{"line":15,"column":0},"end":{"line":15,"column":55}},"16":{"start":{"line":17,"column":0},"end":{"line":17,"column":53}},"17":{"start":{"line":18,"column":0},"end":{"line":18,"column":30}},"18":{"start":{"line":19,"column":0},"end":{"line":19,"column":16}},"19":{"start":{"line":20,"column":0},"end":{"line":20,"column":54}},"20":{"start":{"line":21,"column":0},"end":{"line":21,"column":53}},"21":{"start":{"line":22,"column":0},"end":{"line":22,"column":17}},"23":{"start":{"line":24,"column":0},"end":{"line":24,"column":16}},"24":{"start":{"line":25,"column":0},"end":{"line":25,"column":14}},"25":{"start":{"line":26,"column":0},"end":{"line":26,"column":19}},"26":{"start":{"line":27,"column":0},"end":{"line":27,"column":20}},"28":{"start":{"line":29,"column":0},"end":{"line":29,"column":1}},"30":{"start":{"line":31,"column":0},"end":{"line":31,"column":18}}},"s":{"0":1,"1":1,"2":1,"3":1,"4":1,"5":1,"7":7,"8":7,"10":7,"11":7,"12":7,"13":7,"14":7,"16":7,"17":7,"18":3,"19":3,"20":3,"21":3,"23":7,"24":7,"25":7,"26":7,"28":7,"30":1},"branchMap":{"0":{"type":"branch","line":8,"loc":{"start":{"line":8,"column":0},"end":{"line":29,"column":1}},"locations":[{"start":{"line":8,"column":0},"end":{"line":29,"column":1}}]},"1":{"type":"branch","line":18,"loc":{"start":{"line":18,"column":13},"end":{"line":22,"column":17}},"locations":[{"start":{"line":18,"column":13},"end":{"line":22,"column":17}}]}},"b":{"0":[7],"1":[3]},"fnMap":{"0":{"name":"App","decl":{"start":{"line":8,"column":0},"end":{"line":29,"column":1}},"loc":{"start":{"line":8,"column":0},"end":{"line":29,"column":1}},"line":8}},"f":{"0":7}}
,"/Users/timmy/Desktop/weather-visual/src/main.tsx": {"path":"/Users/timmy/Desktop/weather-visual/src/main.tsx","all":true,"statementMap":{"0":{"start":{"line":1,"column":0},"end":{"line":1,"column":34}},"1":{"start":{"line":2,"column":0},"end":{"line":2,"column":45}},"2":{"start":{"line":3,"column":0},"end":{"line":3,"column":20}},"3":{"start":{"line":4,"column":0},"end":{"line":4,"column":27}},"5":{"start":{"line":6,"column":0},"end":{"line":6,"column":52}},"6":{"start":{"line":7,"column":0},"end":{"line":7,"column":14}},"7":{"start":{"line":8,"column":0},"end":{"line":8,"column":11}},"8":{"start":{"line":9,"column":0},"end":{"line":9,"column":16}},"9":{"start":{"line":10,"column":0},"end":{"line":10,"column":1}}},"s":{"0":0,"1":0,"2":0,"3":0,"5":0,"6":0,"7":0,"8":0,"9":0},"branchMap":{"0":{"type":"branch","line":1,"loc":{"start":{"line":1,"column":203},"end":{"line":10,"column":-148}},"locations":[{"start":{"line":1,"column":203},"end":{"line":10,"column":-148}}]}},"b":{"0":[0]},"fnMap":{"0":{"name":"(empty-report)","decl":{"start":{"line":1,"column":203},"end":{"line":10,"column":-148}},"loc":{"start":{"line":1,"column":203},"end":{"line":10,"column":-148}},"line":1}},"f":{"0":0}}
,"/Users/timmy/Desktop/weather-visual/src/components/layout/RootLayout.tsx": {"path":"/Users/timmy/Desktop/weather-visual/src/components/layout/RootLayout.tsx","all":true,"statementMap":{"2":{"start":{"line":3,"column":0},"end":{"line":3,"column":69}},"3":{"start":{"line":4,"column":0},"end":{"line":4,"column":10}},"4":{"start":{"line":5,"column":0},"end":{"line":5,"column":48}},"5":{"start":{"line":6,"column":0},"end":{"line":6,"column":91}},"6":{"start":{"line":7,"column":0},"end":{"line":7,"column":58}},"7":{"start":{"line":8,"column":0},"end":{"line":8,"column":37}},"8":{"start":{"line":9,"column":0},"end":{"line":9,"column":68}},"9":{"start":{"line":10,"column":0},"end":{"line":10,"column":16}},"10":{"start":{"line":11,"column":0},"end":{"line":11,"column":14}},"11":{"start":{"line":12,"column":0},"end":{"line":12,"column":15}},"13":{"start":{"line":14,"column":0},"end":{"line":14,"column":62}},"14":{"start":{"line":15,"column":0},"end":{"line":15,"column":41}},"16":{"start":{"line":17,"column":0},"end":{"line":17,"column":16}},"18":{"start":{"line":19,"column":0},"end":{"line":19,"column":49}},"19":{"start":{"line":20,"column":0},"end":{"line":20,"column":20}},"20":{"start":{"line":21,"column":0},"end":{"line":21,"column":15}},"21":{"start":{"line":22,"column":0},"end":{"line":22,"column":12}},"22":{"start":{"line":23,"column":0},"end":{"line":23,"column":10}},"24":{"start":{"line":25,"column":0},"end":{"line":25,"column":1}},"26":{"start":{"line":27,"column":0},"end":{"line":27,"column":25}}},"s":{"2":0,"3":0,"4":0,"5":0,"6":0,"7":0,"8":0,"9":0,"10":0,"11":0,"13":0,"14":0,"16":0,"18":0,"19":0,"20":0,"21":0,"22":0,"24":0,"26":0},"branchMap":{"0":{"type":"branch","line":1,"loc":{"start":{"line":1,"column":358},"end":{"line":27,"column":-401}},"locations":[{"start":{"line":1,"column":358},"end":{"line":27,"column":-401}}]}},"b":{"0":[1]},"fnMap":{"0":{"name":"(empty-report)","decl":{"start":{"line":1,"column":358},"end":{"line":27,"column":-401}},"loc":{"start":{"line":1,"column":358},"end":{"line":27,"column":-401}},"line":1}},"f":{"0":1}}
,"/Users/timmy/Desktop/weather-visual/src/components/visualization/WeatherTrends.tsx": {"path":"/Users/timmy/Desktop/weather-visual/src/components/visualization/WeatherTrends.tsx","all":false,"statementMap":{"0":{"start":{"line":1,"column":0},"end":{"line":1,"column":43}},"1":{"start":{"line":2,"column":0},"end":{"line":2,"column":51}},"2":{"start":{"line":3,"column":0},"end":{"line":3,"column":8}},"12":{"start":{"line":13,"column":0},"end":{"line":13,"column":48}},"24":{"start":{"line":25,"column":0},"end":{"line":25,"column":57}},"25":{"start":{"line":26,"column":0},"end":{"line":26,"column":59}},"26":{"start":{"line":27,"column":0},"end":{"line":27,"column":47}},"27":{"start":{"line":28,"column":0},"end":{"line":28,"column":57}},"29":{"start":{"line":30,"column":0},"end":{"line":30,"column":19}},"30":{"start":{"line":31,"column":0},"end":{"line":31,"column":43}},"31":{"start":{"line":32,"column":0},"end":{"line":32,"column":11}},"32":{"start":{"line":33,"column":0},"end":{"line":33,"column":24}},"33":{"start":{"line":34,"column":0},"end":{"line":34,"column":48}},"35":{"start":{"line":36,"column":0},"end":{"line":36,"column":85}},"36":{"start":{"line":37,"column":0},"end":{"line":37,"column":68}},"37":{"start":{"line":38,"column":0},"end":{"line":38,"column":48}},"38":{"start":{"line":39,"column":0},"end":{"line":39,"column":22}},"39":{"start":{"line":40,"column":0},"end":{"line":40,"column":19}},"40":{"start":{"line":41,"column":0},"end":{"line":41,"column":54}},"41":{"start":{"line":42,"column":0},"end":{"line":42,"column":42}},"42":{"start":{"line":43,"column":0},"end":{"line":43,"column":14}},"43":{"start":{"line":44,"column":0},"end":{"line":44,"column":11}},"44":{"start":{"line":45,"column":0},"end":{"line":45,"column":20}},"45":{"start":{"line":46,"column":0},"end":{"line":46,"column":48}},"47":{"start":{"line":48,"column":0},"end":{"line":48,"column":27}},"48":{"start":{"line":49,"column":0},"end":{"line":49,"column":22}},"49":{"start":{"line":50,"column":0},"end":{"line":50,"column":21}},"50":{"start":{"line":51,"column":0},"end":{"line":51,"column":49}},"51":{"start":{"line":52,"column":0},"end":{"line":52,"column":17}},"52":{"start":{"line":53,"column":0},"end":{"line":53,"column":25}},"53":{"start":{"line":54,"column":0},"end":{"line":54,"column":7}},"54":{"start":{"line":55,"column":0},"end":{"line":55,"column":5}},"56":{"start":{"line":57,"column":0},"end":{"line":57,"column":15}},"57":{"start":{"line":58,"column":0},"end":{"line":58,"column":25}},"58":{"start":{"line":59,"column":0},"end":{"line":59,"column":5}},"59":{"start":{"line":60,"column":0},"end":{"line":60,"column":12}},"61":{"start":{"line":62,"column":0},"end":{"line":62,"column":10}},"62":{"start":{"line":63,"column":0},"end":{"line":63,"column":58}},"63":{"start":{"line":64,"column":0},"end":{"line":64,"column":16}},"64":{"start":{"line":65,"column":0},"end":{"line":65,"column":51}},"66":{"start":{"line":67,"column":0},"end":{"line":67,"column":77}},"67":{"start":{"line":68,"column":0},"end":{"line":68,"column":30}},"68":{"start":{"line":69,"column":0},"end":{"line":69,"column":60}},"69":{"start":{"line":70,"column":0},"end":{"line":70,"column":90}},"70":{"start":{"line":71,"column":0},"end":{"line":71,"column":55}},"71":{"start":{"line":72,"column":0},"end":{"line":72,"column":22}},"72":{"start":{"line":73,"column":0},"end":{"line":73,"column":32}},"73":{"start":{"line":74,"column":0},"end":{"line":74,"column":29}},"74":{"start":{"line":75,"column":0},"end":{"line":75,"column":34}},"75":{"start":{"line":76,"column":0},"end":{"line":76,"column":29}},"76":{"start":{"line":77,"column":0},"end":{"line":77,"column":41}},"77":{"start":{"line":78,"column":0},"end":{"line":78,"column":18}},"78":{"start":{"line":79,"column":0},"end":{"line":79,"column":22}},"79":{"start":{"line":80,"column":0},"end":{"line":80,"column":32}},"80":{"start":{"line":81,"column":0},"end":{"line":81,"column":91}},"81":{"start":{"line":82,"column":0},"end":{"line":82,"column":18}},"82":{"start":{"line":83,"column":0},"end":{"line":83,"column":22}},"83":{"start":{"line":84,"column":0},"end":{"line":84,"column":33}},"84":{"start":{"line":85,"column":0},"end":{"line":85,"column":37}},"85":{"start":{"line":86,"column":0},"end":{"line":86,"column":87}},"86":{"start":{"line":87,"column":0},"end":{"line":87,"column":18}},"87":{"start":{"line":88,"column":0},"end":{"line":88,"column":27}},"88":{"start":{"line":89,"column":0},"end":{"line":89,"column":58}},"89":{"start":{"line":90,"column":0},"end":{"line":90,"column":21}},"90":{"start":{"line":91,"column":0},"end":{"line":91,"column":32}},"91":{"start":{"line":92,"column":0},"end":{"line":92,"column":33}},"92":{"start":{"line":93,"column":0},"end":{"line":93,"column":39}},"93":{"start":{"line":94,"column":0},"end":{"line":94,"column":34}},"94":{"start":{"line":95,"column":0},"end":{"line":95,"column":41}},"95":{"start":{"line":96,"column":0},"end":{"line":96,"column":29}},"96":{"start":{"line":97,"column":0},"end":{"line":97,"column":18}},"97":{"start":{"line":98,"column":0},"end":{"line":98,"column":21}},"98":{"start":{"line":99,"column":0},"end":{"line":99,"column":33}},"99":{"start":{"line":100,"column":0},"end":{"line":100,"column":33}},"100":{"start":{"line":101,"column":0},"end":{"line":101,"column":36}},"101":{"start":{"line":102,"column":0},"end":{"line":102,"column":34}},"102":{"start":{"line":103,"column":0},"end":{"line":103,"column":37}},"103":{"start":{"line":104,"column":0},"end":{"line":104,"column":29}},"104":{"start":{"line":105,"column":0},"end":{"line":105,"column":18}},"105":{"start":{"line":106,"column":0},"end":{"line":106,"column":26}},"106":{"start":{"line":107,"column":0},"end":{"line":107,"column":34}},"108":{"start":{"line":109,"column":0},"end":{"line":109,"column":91}},"110":{"start":{"line":111,"column":0},"end":{"line":111,"column":18}},"112":{"start":{"line":113,"column":0},"end":{"line":113,"column":14}},"114":{"start":{"line":115,"column":0},"end":{"line":115,"column":18}},"116":{"start":{"line":117,"column":0},"end":{"line":117,"column":1}},"118":{"start":{"line":119,"column":0},"end":{"line":119,"column":28}}},"s":{"0":1,"1":1,"2":1,"12":1,"24":1,"25":8,"26":8,"27":8,"29":8,"30":4,"31":4,"32":4,"33":4,"35":1,"36":1,"37":1,"38":1,"39":1,"40":1,"41":1,"42":1,"43":1,"44":1,"45":1,"47":1,"48":1,"49":1,"50":0,"51":1,"52":1,"53":1,"54":4,"56":4,"57":4,"58":4,"59":8,"61":8,"62":8,"63":8,"64":0,"66":8,"67":8,"68":1,"69":1,"70":1,"71":1,"72":1,"73":1,"74":1,"75":1,"76":1,"77":1,"78":1,"79":1,"80":1,"81":1,"82":1,"83":1,"84":1,"85":1,"86":1,"87":1,"88":1,"89":1,"90":1,"91":1,"92":1,"93":1,"94":1,"95":1,"96":1,"97":1,"98":1,"99":1,"100":1,"101":1,"102":1,"103":1,"104":1,"105":1,"106":1,"108":7,"110":7,"112":8,"114":8,"116":8,"118":1},"branchMap":{"0":{"type":"branch","line":25,"loc":{"start":{"line":25,"column":22},"end":{"line":117,"column":1}},"locations":[{"start":{"line":25,"column":22},"end":{"line":117,"column":1}}]},"1":{"type":"branch","line":64,"loc":{"start":{"line":64,"column":7},"end":{"line":65,"column":51}},"locations":[{"start":{"line":64,"column":7},"end":{"line":65,"column":51}}]},"2":{"type":"branch","line":68,"loc":{"start":{"line":68,"column":25},"end":{"line":107,"column":34}},"locations":[{"start":{"line":68,"column":25},"end":{"line":107,"column":34}}]},"3":{"type":"branch","line":107,"loc":{"start":{"line":107,"column":12},"end":{"line":111,"column":18}},"locations":[{"start":{"line":107,"column":12},"end":{"line":111,"column":18}}]},"4":{"type":"branch","line":30,"loc":{"start":{"line":30,"column":12},"end":{"line":60,"column":5}},"locations":[{"start":{"line":30,"column":12},"end":{"line":60,"column":5}}]},"5":{"type":"branch","line":31,"loc":{"start":{"line":31,"column":30},"end":{"line":55,"column":5}},"locations":[{"start":{"line":31,"column":30},"end":{"line":55,"column":5}}]},"6":{"type":"branch","line":34,"loc":{"start":{"line":34,"column":47},"end":{"line":54,"column":7}},"locations":[{"start":{"line":34,"column":47},"end":{"line":54,"column":7}}]},"7":{"type":"branch","line":50,"loc":{"start":{"line":50,"column":6},"end":{"line":52,"column":8}},"locations":[{"start":{"line":50,"column":6},"end":{"line":52,"column":8}}]},"8":{"type":"branch","line":36,"loc":{"start":{"line":36,"column":48},"end":{"line":46,"column":11}},"locations":[{"start":{"line":36,"column":48},"end":{"line":46,"column":11}}]}},"b":{"0":[8],"1":[0],"2":[1],"3":[7],"4":[4],"5":[4],"6":[1],"7":[0],"8":[1]},"fnMap":{"0":{"name":"WeatherTrends","decl":{"start":{"line":25,"column":22},"end":{"line":117,"column":1}},"loc":{"start":{"line":25,"column":22},"end":{"line":117,"column":1}},"line":25},"1":{"name":"fetchForecastData","decl":{"start":{"line":31,"column":30},"end":{"line":55,"column":5}},"loc":{"start":{"line":31,"column":30},"end":{"line":55,"column":5}},"line":31}},"f":{"0":8,"1":4}}
,"/Users/timmy/Desktop/weather-visual/src/components/weather/CurrentWeather.tsx": {"path":"/Users/timmy/Desktop/weather-visual/src/components/weather/CurrentWeather.tsx","all":false,"statementMap":{"0":{"start":{"line":1,"column":0},"end":{"line":1,"column":43}},"1":{"start":{"line":2,"column":0},"end":{"line":2,"column":57}},"2":{"start":{"line":3,"column":0},"end":{"line":3,"column":39}},"8":{"start":{"line":9,"column":0},"end":{"line":9,"column":59}},"9":{"start":{"line":10,"column":0},"end":{"line":10,"column":51}},"10":{"start":{"line":11,"column":0},"end":{"line":11,"column":46}},"11":{"start":{"line":12,"column":0},"end":{"line":12,"column":57}},"13":{"start":{"line":14,"column":0},"end":{"line":14,"column":19}},"14":{"start":{"line":15,"column":0},"end":{"line":15,"column":38}},"15":{"start":{"line":16,"column":0},"end":{"line":16,"column":11}},"16":{"start":{"line":17,"column":0},"end":{"line":17,"column":24}},"17":{"start":{"line":18,"column":0},"end":{"line":18,"column":50}},"18":{"start":{"line":19,"column":0},"end":{"line":19,"column":24}},"19":{"start":{"line":20,"column":0},"end":{"line":20,"column":22}},"20":{"start":{"line":21,"column":0},"end":{"line":21,"column":21}},"21":{"start":{"line":22,"column":0},"end":{"line":22,"column":48}},"22":{"start":{"line":23,"column":0},"end":{"line":23,"column":17}},"23":{"start":{"line":24,"column":0},"end":{"line":24,"column":25}},"24":{"start":{"line":25,"column":0},"end":{"line":25,"column":7}},"25":{"start":{"line":26,"column":0},"end":{"line":26,"column":5}},"27":{"start":{"line":28,"column":0},"end":{"line":28,"column":15}},"28":{"start":{"line":29,"column":0},"end":{"line":29,"column":20}},"29":{"start":{"line":30,"column":0},"end":{"line":30,"column":5}},"30":{"start":{"line":31,"column":0},"end":{"line":31,"column":12}},"32":{"start":{"line":33,"column":0},"end":{"line":33,"column":14}},"33":{"start":{"line":34,"column":0},"end":{"line":34,"column":54}},"34":{"start":{"line":35,"column":0},"end":{"line":35,"column":3}},"36":{"start":{"line":37,"column":0},"end":{"line":37,"column":10}},"37":{"start":{"line":38,"column":0},"end":{"line":38,"column":59}},"38":{"start":{"line":39,"column":0},"end":{"line":39,"column":18}},"39":{"start":{"line":40,"column":0},"end":{"line":40,"column":69}},"40":{"start":{"line":41,"column":0},"end":{"line":41,"column":37}},"41":{"start":{"line":42,"column":0},"end":{"line":42,"column":65}},"42":{"start":{"line":43,"column":0},"end":{"line":43,"column":60}},"43":{"start":{"line":44,"column":0},"end":{"line":44,"column":52}},"44":{"start":{"line":45,"column":0},"end":{"line":45,"column":62}},"45":{"start":{"line":46,"column":0},"end":{"line":46,"column":62}},"46":{"start":{"line":47,"column":0},"end":{"line":47,"column":18}},"47":{"start":{"line":48,"column":0},"end":{"line":48,"column":16}},"48":{"start":{"line":49,"column":0},"end":{"line":49,"column":14}},"49":{"start":{"line":50,"column":0},"end":{"line":50,"column":22}},"50":{"start":{"line":51,"column":0},"end":{"line":51,"column":35}},"51":{"start":{"line":52,"column":0},"end":{"line":52,"column":61}},"52":{"start":{"line":53,"column":0},"end":{"line":53,"column":66}},"53":{"start":{"line":54,"column":0},"end":{"line":54,"column":17}},"54":{"start":{"line":55,"column":0},"end":{"line":55,"column":88}},"55":{"start":{"line":56,"column":0},"end":{"line":56,"column":50}},"56":{"start":{"line":57,"column":0},"end":{"line":57,"column":35}},"57":{"start":{"line":58,"column":0},"end":{"line":58,"column":14}},"58":{"start":{"line":59,"column":0},"end":{"line":59,"column":16}},"59":{"start":{"line":60,"column":0},"end":{"line":60,"column":38}},"60":{"start":{"line":61,"column":0},"end":{"line":61,"column":83}},"61":{"start":{"line":62,"column":0},"end":{"line":62,"column":85}},"62":{"start":{"line":63,"column":0},"end":{"line":63,"column":16}},"63":{"start":{"line":64,"column":0},"end":{"line":64,"column":50}},"64":{"start":{"line":65,"column":0},"end":{"line":65,"column":17}},"65":{"start":{"line":66,"column":0},"end":{"line":66,"column":73}},"66":{"start":{"line":67,"column":0},"end":{"line":67,"column":84}},"67":{"start":{"line":68,"column":0},"end":{"line":68,"column":18}},"68":{"start":{"line":69,"column":0},"end":{"line":69,"column":17}},"69":{"start":{"line":70,"column":0},"end":{"line":70,"column":71}},"70":{"start":{"line":71,"column":0},"end":{"line":71,"column":69}},"71":{"start":{"line":72,"column":0},"end":{"line":72,"column":18}},"72":{"start":{"line":73,"column":0},"end":{"line":73,"column":16}},"73":{"start":{"line":74,"column":0},"end":{"line":74,"column":14}},"75":{"start":{"line":76,"column":0},"end":{"line":76,"column":18}},"77":{"start":{"line":78,"column":0},"end":{"line":78,"column":1}},"79":{"start":{"line":80,"column":0},"end":{"line":80,"column":29}}},"s":{"0":1,"1":1,"2":1,"8":1,"9":17,"10":17,"11":17,"13":17,"14":10,"15":9,"16":9,"17":9,"18":8,"19":8,"20":9,"21":1,"22":9,"23":9,"24":9,"25":9,"27":10,"28":9,"29":9,"30":17,"32":17,"33":1,"34":1,"36":16,"37":16,"38":16,"39":10,"40":10,"41":10,"42":10,"43":10,"44":10,"45":10,"46":10,"47":10,"48":10,"49":6,"50":6,"51":6,"52":6,"53":6,"54":6,"55":6,"56":6,"57":6,"58":6,"59":6,"60":6,"61":6,"62":6,"63":6,"64":6,"65":6,"66":6,"67":6,"68":6,"69":6,"70":6,"71":6,"72":6,"73":6,"75":17,"77":17,"79":1},"branchMap":{"0":{"type":"branch","line":9,"loc":{"start":{"line":9,"column":23},"end":{"line":78,"column":1}},"locations":[{"start":{"line":9,"column":23},"end":{"line":78,"column":1}}]},"1":{"type":"branch","line":33,"loc":{"start":{"line":33,"column":13},"end":{"line":35,"column":3}},"locations":[{"start":{"line":33,"column":13},"end":{"line":35,"column":3}}]},"2":{"type":"branch","line":35,"loc":{"start":{"line":35,"column":2},"end":{"line":39,"column":18}},"locations":[{"start":{"line":35,"column":2},"end":{"line":39,"column":18}}]},"3":{"type":"branch","line":39,"loc":{"start":{"line":39,"column":7},"end":{"line":49,"column":14}},"locations":[{"start":{"line":39,"column":7},"end":{"line":49,"column":14}}]},"4":{"type":"branch","line":49,"loc":{"start":{"line":49,"column":8},"end":{"line":74,"column":14}},"locations":[{"start":{"line":49,"column":8},"end":{"line":74,"column":14}}]},"5":{"type":"branch","line":14,"loc":{"start":{"line":14,"column":12},"end":{"line":31,"column":5}},"locations":[{"start":{"line":14,"column":12},"end":{"line":31,"column":5}}]},"6":{"type":"branch","line":28,"loc":{"start":{"line":28,"column":14},"end":{"line":30,"column":5}},"locations":[{"start":{"line":28,"column":14},"end":{"line":30,"column":5}}]},"7":{"type":"branch","line":15,"loc":{"start":{"line":15,"column":25},"end":{"line":26,"column":5}},"locations":[{"start":{"line":15,"column":25},"end":{"line":26,"column":5}}]},"8":{"type":"branch","line":18,"loc":{"start":{"line":18,"column":49},"end":{"line":21,"column":15}},"locations":[{"start":{"line":18,"column":49},"end":{"line":21,"column":15}}]},"9":{"type":"branch","line":21,"loc":{"start":{"line":21,"column":6},"end":{"line":23,"column":8}},"locations":[{"start":{"line":21,"column":6},"end":{"line":23,"column":8}}]}},"b":{"0":[17],"1":[1],"2":[16],"3":[10],"4":[6],"5":[10],"6":[9],"7":[9],"8":[8],"9":[1]},"fnMap":{"0":{"name":"CurrentWeather","decl":{"start":{"line":9,"column":23},"end":{"line":78,"column":1}},"loc":{"start":{"line":9,"column":23},"end":{"line":78,"column":1}},"line":9},"1":{"name":"fetchWeather","decl":{"start":{"line":15,"column":25},"end":{"line":26,"column":5}},"loc":{"start":{"line":15,"column":25},"end":{"line":26,"column":5}},"line":15}},"f":{"0":17,"1":9}}
,"/Users/timmy/Desktop/weather-visual/src/components/weather/LocationSearch.tsx": {"path":"/Users/timmy/Desktop/weather-visual/src/components/weather/LocationSearch.tsx","all":false,"statementMap":{"0":{"start":{"line":1,"column":0},"end":{"line":1,"column":32}},"1":{"start":{"line":2,"column":0},"end":{"line":2,"column":45}},"2":{"start":{"line":3,"column":0},"end":{"line":3,"column":47}},"3":{"start":{"line":4,"column":0},"end":{"line":4,"column":37}},"9":{"start":{"line":10,"column":0},"end":{"line":10,"column":63}},"10":{"start":{"line":11,"column":0},"end":{"line":11,"column":38}},"12":{"start":{"line":13,"column":0},"end":{"line":13,"column":48}},"13":{"start":{"line":14,"column":0},"end":{"line":14,"column":22}},"14":{"start":{"line":15,"column":0},"end":{"line":15,"column":22}},"15":{"start":{"line":16,"column":0},"end":{"line":16,"column":27}},"16":{"start":{"line":17,"column":0},"end":{"line":17,"column":5}},"17":{"start":{"line":18,"column":0},"end":{"line":18,"column":3}},"19":{"start":{"line":20,"column":0},"end":{"line":20,"column":10}},"20":{"start":{"line":21,"column":0},"end":{"line":21,"column":83}},"21":{"start":{"line":22,"column":0},"end":{"line":22,"column":12}},"22":{"start":{"line":23,"column":0},"end":{"line":23,"column":19}},"23":{"start":{"line":24,"column":0},"end":{"line":24,"column":40}},"24":{"start":{"line":25,"column":0},"end":{"line":25,"column":20}},"25":{"start":{"line":26,"column":0},"end":{"line":26,"column":49}},"26":{"start":{"line":27,"column":0},"end":{"line":27,"column":26}},"27":{"start":{"line":28,"column":0},"end":{"line":28,"column":8}},"28":{"start":{"line":29,"column":0},"end":{"line":29,"column":28}},"29":{"start":{"line":30,"column":0},"end":{"line":30,"column":38}},"30":{"start":{"line":31,"column":0},"end":{"line":31,"column":15}},"31":{"start":{"line":32,"column":0},"end":{"line":32,"column":11}},"33":{"start":{"line":34,"column":0},"end":{"line":34,"column":1}},"35":{"start":{"line":36,"column":0},"end":{"line":36,"column":29}}},"s":{"0":1,"1":1,"2":1,"3":1,"9":1,"10":6,"12":6,"13":3,"14":3,"15":2,"16":2,"17":3,"19":6,"20":6,"21":6,"22":6,"23":6,"24":6,"25":6,"26":6,"27":6,"28":6,"29":6,"30":6,"31":6,"33":6,"35":1},"branchMap":{"0":{"type":"branch","line":10,"loc":{"start":{"line":10,"column":23},"end":{"line":34,"column":1}},"locations":[{"start":{"line":10,"column":23},"end":{"line":34,"column":1}}]},"1":{"type":"branch","line":13,"loc":{"start":{"line":13,"column":23},"end":{"line":18,"column":3}},"locations":[{"start":{"line":13,"column":23},"end":{"line":18,"column":3}}]},"2":{"type":"branch","line":15,"loc":{"start":{"line":15,"column":21},"end":{"line":17,"column":5}},"locations":[{"start":{"line":15,"column":21},"end":{"line":17,"column":5}}]},"3":{"type":"branch","line":26,"loc":{"start":{"line":26,"column":18},"end":{"line":26,"column":49}},"locations":[{"start":{"line":26,"column":18},"end":{"line":26,"column":49}}]}},"b":{"0":[6],"1":[3],"2":[2],"3":[2]},"fnMap":{"0":{"name":"LocationSearch","decl":{"start":{"line":10,"column":23},"end":{"line":34,"column":1}},"loc":{"start":{"line":10,"column":23},"end":{"line":34,"column":1}},"line":10},"1":{"name":"handleSubmit","decl":{"start":{"line":13,"column":23},"end":{"line":18,"column":3}},"loc":{"start":{"line":13,"column":23},"end":{"line":18,"column":3}},"line":13},"2":{"name":"onChange","decl":{"start":{"line":26,"column":18},"end":{"line":26,"column":49}},"loc":{"start":{"line":26,"column":18},"end":{"line":26,"column":49}},"line":26}},"f":{"0":6,"1":3,"2":2}}
,"/Users/timmy/Desktop/weather-visual/src/components/weather/WeatherCard.tsx": {"path":"/Users/timmy/Desktop/weather-visual/src/components/weather/WeatherCard.tsx","all":false,"statementMap":{"0":{"start":{"line":1,"column":0},"end":{"line":1,"column":79}},"1":{"start":{"line":2,"column":0},"end":{"line":2,"column":37}},"9":{"start":{"line":10,"column":0},"end":{"line":10,"column":81}},"10":{"start":{"line":11,"column":0},"end":{"line":11,"column":16}},"11":{"start":{"line":12,"column":0},"end":{"line":12,"column":12}},"12":{"start":{"line":13,"column":0},"end":{"line":13,"column":12}},"13":{"start":{"line":14,"column":0},"end":{"line":14,"column":20}},"14":{"start":{"line":15,"column":0},"end":{"line":15,"column":44}},"15":{"start":{"line":16,"column":0},"end":{"line":16,"column":21}},"16":{"start":{"line":17,"column":0},"end":{"line":17,"column":21}},"17":{"start":{"line":18,"column":0},"end":{"line":18,"column":46}},"18":{"start":{"line":19,"column":0},"end":{"line":19,"column":22}},"19":{"start":{"line":20,"column":0},"end":{"line":20,"column":13}},"21":{"start":{"line":22,"column":0},"end":{"line":22,"column":3}},"23":{"start":{"line":24,"column":0},"end":{"line":24,"column":10}},"24":{"start":{"line":25,"column":0},"end":{"line":25,"column":26}},"25":{"start":{"line":26,"column":0},"end":{"line":26,"column":18}},"26":{"start":{"line":27,"column":0},"end":{"line":27,"column":38}},"27":{"start":{"line":28,"column":0},"end":{"line":28,"column":19}},"28":{"start":{"line":29,"column":0},"end":{"line":29,"column":43}},"29":{"start":{"line":30,"column":0},"end":{"line":30,"column":11}},"31":{"start":{"line":32,"column":0},"end":{"line":32,"column":1}},"33":{"start":{"line":34,"column":0},"end":{"line":34,"column":26}}},"s":{"0":1,"1":1,"9":1,"10":24,"11":14,"12":14,"13":14,"14":14,"15":14,"16":14,"17":14,"18":14,"19":14,"21":14,"23":10,"24":10,"25":10,"26":10,"27":10,"28":10,"29":10,"31":10,"33":1},"branchMap":{"0":{"type":"branch","line":10,"loc":{"start":{"line":10,"column":20},"end":{"line":32,"column":1}},"locations":[{"start":{"line":10,"column":20},"end":{"line":32,"column":1}}]},"1":{"type":"branch","line":11,"loc":{"start":{"line":11,"column":15},"end":{"line":22,"column":3}},"locations":[{"start":{"line":11,"column":15},"end":{"line":22,"column":3}}]},"2":{"type":"branch","line":22,"loc":{"start":{"line":22,"column":2},"end":{"line":32,"column":1}},"locations":[{"start":{"line":22,"column":2},"end":{"line":32,"column":1}}]}},"b":{"0":[24],"1":[14],"2":[10]},"fnMap":{"0":{"name":"WeatherCard","decl":{"start":{"line":10,"column":20},"end":{"line":32,"column":1}},"loc":{"start":{"line":10,"column":20},"end":{"line":32,"column":1}},"line":10}},"f":{"0":24}}
,"/Users/timmy/Desktop/weather-visual/src/lib/utils.ts": {"path":"/Users/timmy/Desktop/weather-visual/src/lib/utils.ts","all":false,"statementMap":{"0":{"start":{"line":1,"column":0},"end":{"line":1,"column":44}},"1":{"start":{"line":2,"column":0},"end":{"line":2,"column":40}},"3":{"start":{"line":4,"column":0},"end":{"line":4,"column":45}},"4":{"start":{"line":5,"column":0},"end":{"line":5,"column":30}},"5":{"start":{"line":6,"column":0},"end":{"line":6,"column":1}}},"s":{"0":1,"1":1,"3":1,"4":122,"5":122},"branchMap":{"0":{"type":"branch","line":4,"loc":{"start":{"line":4,"column":7},"end":{"line":6,"column":1}},"locations":[{"start":{"line":4,"column":7},"end":{"line":6,"column":1}}]}},"b":{"0":[122]},"fnMap":{"0":{"name":"cn","decl":{"start":{"line":4,"column":7},"end":{"line":6,"column":1}},"loc":{"start":{"line":4,"column":7},"end":{"line":6,"column":1}},"line":4}},"f":{"0":122}}
,"/Users/timmy/Desktop/weather-visual/src/services/weatherApi.ts": {"path":"/Users/timmy/Desktop/weather-visual/src/services/weatherApi.ts","all":false,"statementMap":{"34":{"start":{"line":35,"column":0},"end":{"line":35,"column":57}},"35":{"start":{"line":36,"column":0},"end":{"line":36,"column":59}},"37":{"start":{"line":38,"column":0},"end":{"line":38,"column":77}},"38":{"start":{"line":39,"column":0},"end":{"line":39,"column":31}},"39":{"start":{"line":40,"column":0},"end":{"line":40,"column":65}},"40":{"start":{"line":41,"column":0},"end":{"line":41,"column":4}},"41":{"start":{"line":42,"column":0},"end":{"line":42,"column":68}},"42":{"start":{"line":43,"column":0},"end":{"line":43,"column":25}},"43":{"start":{"line":44,"column":0},"end":{"line":44,"column":1}},"45":{"start":{"line":46,"column":0},"end":{"line":46,"column":72}},"46":{"start":{"line":47,"column":0},"end":{"line":47,"column":31}},"47":{"start":{"line":48,"column":0},"end":{"line":48,"column":66}},"48":{"start":{"line":49,"column":0},"end":{"line":49,"column":4}},"49":{"start":{"line":50,"column":0},"end":{"line":50,"column":69}},"50":{"start":{"line":51,"column":0},"end":{"line":51,"column":25}},"51":{"start":{"line":52,"column":0},"end":{"line":52,"column":1}}},"s":{"34":1,"35":1,"37":4,"38":4,"39":4,"40":4,"41":4,"42":2,"43":2,"45":8,"46":8,"47":8,"48":8,"49":5,"50":3,"51":3},"branchMap":{"0":{"type":"branch","line":38,"loc":{"start":{"line":38,"column":0},"end":{"line":44,"column":1}},"locations":[{"start":{"line":38,"column":0},"end":{"line":44,"column":1}}]},"1":{"type":"branch","line":41,"loc":{"start":{"line":41,"column":2},"end":{"line":42,"column":26}},"locations":[{"start":{"line":41,"column":2},"end":{"line":42,"column":26}}]},"2":{"type":"branch","line":42,"loc":{"start":{"line":42,"column":20},"end":{"line":42,"column":68}},"locations":[{"start":{"line":42,"column":20},"end":{"line":42,"column":68}}]},"3":{"type":"branch","line":42,"loc":{"start":{"line":42,"column":66},"end":{"line":44,"column":1}},"locations":[{"start":{"line":42,"column":66},"end":{"line":44,"column":1}}]},"4":{"type":"branch","line":46,"loc":{"start":{"line":46,"column":0},"end":{"line":52,"column":1}},"locations":[{"start":{"line":46,"column":0},"end":{"line":52,"column":1}}]},"5":{"type":"branch","line":49,"loc":{"start":{"line":49,"column":2},"end":{"line":52,"column":1}},"locations":[{"start":{"line":49,"column":2},"end":{"line":52,"column":1}}]},"6":{"type":"branch","line":49,"loc":{"start":{"line":49,"column":2},"end":{"line":50,"column":26}},"locations":[{"start":{"line":49,"column":2},"end":{"line":50,"column":26}}]},"7":{"type":"branch","line":50,"loc":{"start":{"line":50,"column":20},"end":{"line":50,"column":69}},"locations":[{"start":{"line":50,"column":20},"end":{"line":50,"column":69}}]},"8":{"type":"branch","line":50,"loc":{"start":{"line":50,"column":67},"end":{"line":52,"column":1}},"locations":[{"start":{"line":50,"column":67},"end":{"line":52,"column":1}}]}},"b":{"0":[4],"1":[3],"2":[1],"3":[2],"4":[8],"5":[5],"6":[4],"7":[1],"8":[3]},"fnMap":{"0":{"name":"getCurrentWeather","decl":{"start":{"line":38,"column":0},"end":{"line":44,"column":1}},"loc":{"start":{"line":38,"column":0},"end":{"line":44,"column":1}},"line":38},"1":{"name":"getForecast","decl":{"start":{"line":46,"column":0},"end":{"line":52,"column":1}},"loc":{"start":{"line":46,"column":0},"end":{"line":52,"column":1}},"line":46}},"f":{"0":4,"1":8}}
}
